# JRE version: OpenJDK Runtime Environment (17.0.19+11) (build 17.0.19+11-LTS)
# Java VM: OpenJDK 64-Bit Server VM (17.0.19+11-LTS, mixed mode, sharing, tiered, compressed oops, compressed class ptrs, g1 gc, windows-amd64)
GC Precious Log:
 CPUs: 8 total, 8 available
 Memory: 3877M
 Large Page Support: Disabled
 NUMA Support: Disabled
 Compressed Oops: Enabled (32-bit)
 Heap Region Size: 1M
 Heap Min Capacity: 8M
 Heap Initial Capacity: 62M
 Heap Max Capacity: 970M
 Pre-touch: Disabled
 Parallel Workers: 8
 Concurrent Workers: 2
 Concurrent Refinement Workers: 8
 Periodic GC: Disabled
Heap:
 garbage-first heap   total 58368K, used 35225K [0x00000000c3600000, 0x0000000100000000)
  region size 1024K, 17 young (17408K), 4 survivors (4096K)
 Metaspace       used 34433K, committed 34816K, reserved 1114112K
  class space    used 4864K, committed 5056K, reserved 1048576K
GC Heap History (18 events):
Event: 1.978 GC heap before
{Heap before GC invocations=0 (full 0):
 garbage-first heap   total 63488K, used 23552K [0x00000000c3600000, 0x0000000100000000)
  region size 1024K, 23 young (23552K), 0 survivors (0K)
 Metaspace       used 7084K, committed 7360K, reserved 1114112K
  class space    used 892K, committed 1024K, reserved 1048576K
}
Event: 2.001 GC heap after
{Heap after GC invocations=1 (full 0):
 garbage-first heap   total 63488K, used 9197K [0x00000000c3600000, 0x0000000100000000)
  region size 1024K, 3 young (3072K), 3 survivors (3072K)
 Metaspace       used 7084K, committed 7360K, reserved 1114112K
  class space    used 892K, committed 1024K, reserved 1048576K
}
Event: 3.113 GC heap before
{Heap before GC invocations=1 (full 0):
 garbage-first heap   total 63488K, used 26605K [0x00000000c3600000, 0x0000000100000000)
  region size 1024K, 21 young (21504K), 3 survivors (3072K)
 Metaspace       used 10104K, committed 10368K, reserved 1114112K
  class space    used 1342K, committed 1472K, reserved 1048576K
}
Event: 3.119 GC heap after
{Heap after GC invocations=2 (full 0):
 garbage-first heap   total 63488K, used 10552K [0x00000000c3600000, 0x0000000100000000)
  region size 1024K, 2 young (2048K), 2 survivors (2048K)
 Metaspace       used 10104K, committed 10368K, reserved 1114112K
  class space    used 1342K, committed 1472K, reserved 1048576K
}
Event: 4.489 GC heap before
{Heap before GC invocations=2 (full 0):
 garbage-first heap   total 63488K, used 31032K [0x00000000c3600000, 0x0000000100000000)
  region size 1024K, 23 young (23552K), 2 survivors (2048K)
 Metaspace       used 14295K, committed 14528K, reserved 1114112K
  class space    used 1990K, committed 2112K, reserved 1048576K
}
Event: 4.494 GC heap after
{Heap after GC invocations=3 (full 0):
 garbage-first heap   total 63488K, used 11837K [0x00000000c3600000, 0x0000000100000000)
  region size 1024K, 3 young (3072K), 3 survivors (3072K)
 Metaspace       used 14295K, committed 14528K, reserved 1114112K
  class space    used 1990K, committed 2112K, reserved 1048576K
}
Event: 5.559 GC heap before
{Heap before GC invocations=3 (full 0):
 garbage-first heap   total 63488K, used 35389K [0x00000000c3600000, 0x0000000100000000)
  region size 1024K, 27 young (27648K), 3 survivors (3072K)
 Metaspace       used 17521K, committed 17792K, reserved 1114112K
  class space    used 2466K, committed 2560K, reserved 1048576K
}
Event: 5.565 GC heap after
{Heap after GC invocations=4 (full 0):
 garbage-first heap   total 63488K, used 13861K [0x00000000c3600000, 0x0000000100000000)
  region size 1024K, 4 young (4096K), 4 survivors (4096K)
 Metaspace       used 17521K, committed 17792K, reserved 1114112K
  class space    used 2466K, committed 2560K, reserved 1048576K
}
Event: 6.437 GC heap before
{Heap before GC invocations=4 (full 0):
 garbage-first heap   total 63488K, used 37413K [0x00000000c3600000, 0x0000000100000000)
  region size 1024K, 29 young (29696K), 4 survivors (4096K)
 Metaspace       used 21223K, committed 21504K, reserved 1114112K
  class space    used 2859K, committed 3008K, reserved 1048576K
}
Event: 6.443 GC heap after
{Heap after GC invocations=5 (full 0):
 garbage-first heap   total 63488K, used 16029K [0x00000000c3600000, 0x0000000100000000)
  region size 1024K, 4 young (4096K), 4 survivors (4096K)
 Metaspace       used 21223K, committed 21504K, reserved 1114112K
  class space    used 2859K, committed 3008K, reserved 1048576K
}
Event: 8.132 GC heap before
{Heap before GC invocations=6 (full 0):
 garbage-first heap   total 58368K, used 43677K [0x00000000c3600000, 0x0000000100000000)
  region size 1024K, 32 young (32768K), 4 survivors (4096K)
 Metaspace       used 24037K, committed 24384K, reserved 1114112K
  class space    used 3285K, committed 3456K, reserved 1048576K
}
Event: 8.147 GC heap after
{Heap after GC invocations=7 (full 0):
 garbage-first heap   total 58368K, used 18197K [0x00000000c3600000, 0x0000000100000000)
  region size 1024K, 3 young (3072K), 3 survivors (3072K)
 Metaspace       used 24037K, committed 24384K, reserved 1114112K
  class space    used 3285K, committed 3456K, reserved 1048576K
}
Event: 9.422 GC heap before
{Heap before GC invocations=7 (full 0):
 garbage-first heap   total 58368K, used 40725K [0x00000000c3600000, 0x0000000100000000)
  region size 1024K, 25 young (25600K), 3 survivors (3072K)
 Metaspace       used 27263K, committed 27520K, reserved 1114112K
  class space    used 3792K, committed 3904K, reserved 1048576K
}
Event: 9.427 GC heap after
{Heap after GC invocations=8 (full 0):
 garbage-first heap   total 58368K, used 19441K [0x00000000c3600000, 0x0000000100000000)
  region size 1024K, 2 young (2048K), 2 survivors (2048K)
 Metaspace       used 27263K, committed 27520K, reserved 1114112K
  class space    used 3792K, committed 3904K, reserved 1048576K
}
Event: 10.660 GC heap before
{Heap before GC invocations=8 (full 0):
 garbage-first heap   total 58368K, used 42993K [0x00000000c3600000, 0x0000000100000000)
  region size 1024K, 25 young (25600K), 2 survivors (2048K)
 Metaspace       used 30075K, committed 30464K, reserved 1114112K
  class space    used 4222K, committed 4416K, reserved 1048576K
}
Event: 10.666 GC heap after
{Heap after GC invocations=9 (full 0):
 garbage-first heap   total 58368K, used 20724K [0x00000000c3600000, 0x0000000100000000)
  region size 1024K, 3 young (3072K), 3 survivors (3072K)
 Metaspace       used 30075K, committed 30464K, reserved 1114112K
  class space    used 4222K, committed 4416K, reserved 1048576K
}
Event: 11.811 GC heap before
{Heap before GC invocations=9 (full 0):
 garbage-first heap   total 58368K, used 44276K [0x00000000c3600000, 0x0000000100000000)
  region size 1024K, 26 young (26624K), 3 survivors (3072K)
 Metaspace       used 32896K, committed 33344K, reserved 1114112K
  class space    used 4704K, committed 4928K, reserved 1048576K
}
Event: 11.819 GC heap after
{Heap after GC invocations=10 (full 0):
 garbage-first heap   total 58368K, used 22937K [0x00000000c3600000, 0x0000000100000000)
  region size 1024K, 4 young (4096K), 4 survivors (4096K)
 Metaspace       used 32896K, committed 33344K, reserved 1114112K
  class space    used 4704K, committed 4928K, reserved 1048576K
}

