# JRE version: OpenJDK Runtime Environment (17.0.19+11) (build 17.0.19+11-LTS)
# Java VM: OpenJDK 64-Bit Server VM (17.0.19+11-LTS, mixed mode, sharing, tiered, compressed oops, compressed class ptrs, g1 gc, windows-amd64)
GC Precious Log:
 CPUs: 8 total, 8 available
 Memory: 3877M
 Large Page Support: Disabled
 NUMA Support: Disabled
 Compressed Oops: Enabled (32-bit)
 Heap Region Size: 1M
 Heap Min Capacity: 8M
 Heap Initial Capacity: 62M
 Heap Max Capacity: 970M
 Pre-touch: Disabled
 Parallel Workers: 8
 Concurrent Workers: 2
 Concurrent Refinement Workers: 8
 Periodic GC: Disabled
Heap:
 garbage-first heap   total 61440K, used 33086K [0x00000000c3600000, 0x0000000100000000)
  region size 1024K, 15 young (15360K), 4 survivors (4096K)
 Metaspace       used 34285K, committed 34688K, reserved 1114112K
  class space    used 4849K, committed 5056K, reserved 1048576K
GC Heap History (18 events):
Event: 1.629 GC heap before
{Heap before GC invocations=0 (full 0):
 garbage-first heap   total 63488K, used 24576K [0x00000000c3600000, 0x0000000100000000)
  region size 1024K, 23 young (23552K), 0 survivors (0K)
 Metaspace       used 6976K, committed 7232K, reserved 1114112K
  class space    used 885K, committed 1024K, reserved 1048576K
}
Event: 1.647 GC heap after
{Heap after GC invocations=1 (full 0):
 garbage-first heap   total 63488K, used 8782K [0x00000000c3600000, 0x0000000100000000)
  region size 1024K, 3 young (3072K), 3 survivors (3072K)
 Metaspace       used 6976K, committed 7232K, reserved 1114112K
  class space    used 885K, committed 1024K, reserved 1048576K
}
Event: 2.559 GC heap before
{Heap before GC invocations=1 (full 0):
 garbage-first heap   total 63488K, used 28238K [0x00000000c3600000, 0x0000000100000000)
  region size 1024K, 23 young (23552K), 3 survivors (3072K)
 Metaspace       used 10451K, committed 10752K, reserved 1114112K
  class space    used 1403K, committed 1536K, reserved 1048576K
}
Event: 2.564 GC heap after
{Heap after GC invocations=2 (full 0):
 garbage-first heap   total 63488K, used 11046K [0x00000000c3600000, 0x0000000100000000)
  region size 1024K, 2 young (2048K), 2 survivors (2048K)
 Metaspace       used 10451K, committed 10752K, reserved 1114112K
  class space    used 1403K, committed 1536K, reserved 1048576K
}
Event: 2.974 GC heap before
{Heap before GC invocations=2 (full 0):
 garbage-first heap   total 63488K, used 33574K [0x00000000c3600000, 0x0000000100000000)
  region size 1024K, 24 young (24576K), 2 survivors (2048K)
 Metaspace       used 15085K, committed 15424K, reserved 1114112K
  class space    used 2159K, committed 2304K, reserved 1048576K
}
Event: 2.980 GC heap after
{Heap after GC invocations=3 (full 0):
 garbage-first heap   total 63488K, used 12572K [0x00000000c3600000, 0x0000000100000000)
  region size 1024K, 2 young (2048K), 2 survivors (2048K)
 Metaspace       used 15085K, committed 15424K, reserved 1114112K
  class space    used 2159K, committed 2304K, reserved 1048576K
}
Event: 3.541 GC heap before
{Heap before GC invocations=3 (full 0):
 garbage-first heap   total 63488K, used 37148K [0x00000000c3600000, 0x0000000100000000)
  region size 1024K, 27 young (27648K), 2 survivors (2048K)
 Metaspace       used 19213K, committed 19520K, reserved 1114112K
  class space    used 2647K, committed 2816K, reserved 1048576K
}
Event: 3.545 GC heap after
{Heap after GC invocations=4 (full 0):
 garbage-first heap   total 63488K, used 14806K [0x00000000c3600000, 0x0000000100000000)
  region size 1024K, 4 young (4096K), 4 survivors (4096K)
 Metaspace       used 19213K, committed 19520K, reserved 1114112K
  class space    used 2647K, committed 2816K, reserved 1048576K
}
Event: 3.705 GC heap before
{Heap before GC invocations=4 (full 0):
 garbage-first heap   total 63488K, used 30166K [0x00000000c3600000, 0x0000000100000000)
  region size 1024K, 20 young (20480K), 4 survivors (4096K)
 Metaspace       used 21231K, committed 21504K, reserved 1114112K
  class space    used 2939K, committed 3072K, reserved 1048576K
}
Event: 3.711 GC heap after
{Heap after GC invocations=5 (full 0):
 garbage-first heap   total 63488K, used 15863K [0x00000000c3600000, 0x0000000100000000)
  region size 1024K, 2 young (2048K), 2 survivors (2048K)
 Metaspace       used 21231K, committed 21504K, reserved 1114112K
  class space    used 2939K, committed 3072K, reserved 1048576K
}
Event: 4.256 GC heap before
{Heap before GC invocations=6 (full 0):
 garbage-first heap   total 61440K, used 42487K [0x00000000c3600000, 0x0000000100000000)
  region size 1024K, 29 young (29696K), 2 survivors (2048K)
 Metaspace       used 23662K, committed 24000K, reserved 1114112K
  class space    used 3227K, committed 3392K, reserved 1048576K
}
Event: 4.260 GC heap after
{Heap after GC invocations=7 (full 0):
 garbage-first heap   total 61440K, used 18154K [0x00000000c3600000, 0x0000000100000000)
  region size 1024K, 4 young (4096K), 4 survivors (4096K)
 Metaspace       used 23662K, committed 24000K, reserved 1114112K
  class space    used 3227K, committed 3392K, reserved 1048576K
}
Event: 4.789 GC heap before
{Heap before GC invocations=7 (full 0):
 garbage-first heap   total 61440K, used 41706K [0x00000000c3600000, 0x0000000100000000)
  region size 1024K, 28 young (28672K), 4 survivors (4096K)
 Metaspace       used 27036K, committed 27328K, reserved 1114112K
  class space    used 3746K, committed 3904K, reserved 1048576K
}
Event: 4.794 GC heap after
{Heap after GC invocations=8 (full 0):
 garbage-first heap   total 61440K, used 19257K [0x00000000c3600000, 0x0000000100000000)
  region size 1024K, 2 young (2048K), 2 survivors (2048K)
 Metaspace       used 27036K, committed 27328K, reserved 1114112K
  class space    used 3746K, committed 3904K, reserved 1048576K
}
Event: 5.441 GC heap before
{Heap before GC invocations=8 (full 0):
 garbage-first heap   total 61440K, used 43833K [0x00000000c3600000, 0x0000000100000000)
  region size 1024K, 26 young (26624K), 2 survivors (2048K)
 Metaspace       used 30073K, committed 30464K, reserved 1114112K
  class space    used 4222K, committed 4416K, reserved 1048576K
}
Event: 5.445 GC heap after
{Heap after GC invocations=9 (full 0):
 garbage-first heap   total 61440K, used 20674K [0x00000000c3600000, 0x0000000100000000)
  region size 1024K, 3 young (3072K), 3 survivors (3072K)
 Metaspace       used 30073K, committed 30464K, reserved 1114112K
  class space    used 4222K, committed 4416K, reserved 1048576K
}
Event: 6.028 GC heap before
{Heap before GC invocations=9 (full 0):
 garbage-first heap   total 61440K, used 45250K [0x00000000c3600000, 0x0000000100000000)
  region size 1024K, 27 young (27648K), 3 survivors (3072K)
 Metaspace       used 32934K, committed 33408K, reserved 1114112K
  class space    used 4712K, committed 4928K, reserved 1048576K
}
Event: 6.034 GC heap after
{Heap after GC invocations=10 (full 0):
 garbage-first heap   total 61440K, used 22846K [0x00000000c3600000, 0x0000000100000000)
  region size 1024K, 4 young (4096K), 4 survivors (4096K)
 Metaspace       used 32934K, committed 33408K, reserved 1114112K
  class space    used 4712K, committed 4928K, reserved 1048576K
}

