# JRE version: OpenJDK Runtime Environment (17.0.19+11) (build 17.0.19+11-LTS)
# Java VM: OpenJDK 64-Bit Server VM (17.0.19+11-LTS, mixed mode, sharing, tiered, compressed oops, compressed class ptrs, g1 gc, windows-amd64)
GC Precious Log:
 CPUs: 8 total, 8 available
 Memory: 3877M
 Large Page Support: Disabled
 NUMA Support: Disabled
 Compressed Oops: Enabled (32-bit)
 Heap Region Size: 1M
 Heap Min Capacity: 8M
 Heap Initial Capacity: 62M
 Heap Max Capacity: 970M
 Pre-touch: Disabled
 Parallel Workers: 8
 Concurrent Workers: 2
 Concurrent Refinement Workers: 8
 Periodic GC: Disabled
Heap:
 garbage-first heap   total 139264K, used 60834K [0x00000000c3600000, 0x0000000100000000)
  region size 1024K, 4 young (4096K), 4 survivors (4096K)
 Metaspace       used 71872K, committed 72448K, reserved 1114112K
  class space    used 10670K, committed 10944K, reserved 1048576K
GC Heap History (20 events):
Event: 14.625 GC heap after
{Heap after GC invocations=27 (full 0):
 garbage-first heap   total 66560K, used 34735K [0x00000000c3600000, 0x0000000100000000)
  region size 1024K, 1 young (1024K), 1 survivors (1024K)
 Metaspace       used 62627K, committed 63232K, reserved 1114112K
  class space    used 9138K, committed 9408K, reserved 1048576K
}
Event: 15.092 GC heap before
{Heap before GC invocations=27 (full 0):
 garbage-first heap   total 66560K, used 53167K [0x00000000c3600000, 0x0000000100000000)
  region size 1024K, 20 young (20480K), 1 survivors (1024K)
 Metaspace       used 64296K, committed 64896K, reserved 1114112K
  class space    used 9458K, committed 9728K, reserved 1048576K
}
Event: 15.097 GC heap after
{Heap after GC invocations=28 (full 0):
 garbage-first heap   total 66560K, used 36011K [0x00000000c3600000, 0x0000000100000000)
  region size 1024K, 2 young (2048K), 2 survivors (2048K)
 Metaspace       used 64296K, committed 64896K, reserved 1114112K
  class space    used 9458K, committed 9728K, reserved 1048576K
}
Event: 15.677 GC heap before
{Heap before GC invocations=29 (full 0):
 garbage-first heap   total 66560K, used 53419K [0x00000000c3600000, 0x0000000100000000)
  region size 1024K, 20 young (20480K), 2 survivors (2048K)
 Metaspace       used 66178K, committed 66752K, reserved 1114112K
  class space    used 9836K, committed 10112K, reserved 1048576K
}
Event: 15.682 GC heap after
{Heap after GC invocations=30 (full 0):
 garbage-first heap   total 66560K, used 37139K [0x00000000c3600000, 0x0000000100000000)
  region size 1024K, 3 young (3072K), 3 survivors (3072K)
 Metaspace       used 66178K, committed 66752K, reserved 1114112K
  class space    used 9836K, committed 10112K, reserved 1048576K
}
Event: 15.750 GC heap before
{Heap before GC invocations=30 (full 0):
 garbage-first heap   total 66560K, used 38163K [0x00000000c3600000, 0x0000000100000000)
  region size 1024K, 4 young (4096K), 3 survivors (3072K)
 Metaspace       used 66514K, committed 67136K, reserved 1114112K
  class space    used 9924K, committed 10240K, reserved 1048576K
}
Event: 15.754 GC heap after
{Heap after GC invocations=31 (full 0):
 garbage-first heap   total 139264K, used 37008K [0x00000000c3600000, 0x0000000100000000)
  region size 1024K, 1 young (1024K), 1 survivors (1024K)
 Metaspace       used 66514K, committed 67136K, reserved 1114112K
  class space    used 9924K, committed 10240K, reserved 1048576K
}
Event: 16.384 GC heap before
{Heap before GC invocations=31 (full 0):
 garbage-first heap   total 139264K, used 111760K [0x00000000c3600000, 0x0000000100000000)
  region size 1024K, 74 young (75776K), 1 survivors (1024K)
 Metaspace       used 67153K, committed 67776K, reserved 1114112K
  class space    used 10002K, committed 10304K, reserved 1048576K
}
Event: 16.388 GC heap after
{Heap after GC invocations=32 (full 0):
 garbage-first heap   total 139264K, used 38495K [0x00000000c3600000, 0x0000000100000000)
  region size 1024K, 2 young (2048K), 2 survivors (2048K)
 Metaspace       used 67153K, committed 67776K, reserved 1114112K
  class space    used 10002K, committed 10304K, reserved 1048576K
}
Event: 16.644 GC heap before
{Heap before GC invocations=32 (full 0):
 garbage-first heap   total 139264K, used 114271K [0x00000000c3600000, 0x0000000100000000)
  region size 1024K, 76 young (77824K), 2 survivors (2048K)
 Metaspace       used 67254K, committed 67840K, reserved 1114112K
  class space    used 10031K, committed 10304K, reserved 1048576K
}
Event: 16.650 GC heap after
{Heap after GC invocations=33 (full 0):
 garbage-first heap   total 139264K, used 40977K [0x00000000c3600000, 0x0000000100000000)
  region size 1024K, 5 young (5120K), 5 survivors (5120K)
 Metaspace       used 67254K, committed 67840K, reserved 1114112K
  class space    used 10031K, committed 10304K, reserved 1048576K
}
Event: 17.138 GC heap before
{Heap before GC invocations=33 (full 0):
 garbage-first heap   total 139264K, used 114705K [0x00000000c3600000, 0x0000000100000000)
  region size 1024K, 77 young (78848K), 5 survivors (5120K)
 Metaspace       used 67495K, committed 68096K, reserved 1114112K
  class space    used 10063K, committed 10368K, reserved 1048576K
}
Event: 17.144 GC heap after
{Heap after GC invocations=34 (full 0):
 garbage-first heap   total 139264K, used 41694K [0x00000000c3600000, 0x0000000100000000)
  region size 1024K, 5 young (5120K), 5 survivors (5120K)
 Metaspace       used 67495K, committed 68096K, reserved 1114112K
  class space    used 10063K, committed 10368K, reserved 1048576K
}
Event: 17.668 GC heap before
{Heap before GC invocations=34 (full 0):
 garbage-first heap   total 139264K, used 116446K [0x00000000c3600000, 0x0000000100000000)
  region size 1024K, 78 young (79872K), 5 survivors (5120K)
 Metaspace       used 67572K, committed 68160K, reserved 1114112K
  class space    used 10073K, committed 10368K, reserved 1048576K
}
Event: 17.675 GC heap after
{Heap after GC invocations=35 (full 0):
 garbage-first heap   total 139264K, used 43564K [0x00000000c3600000, 0x0000000100000000)
  region size 1024K, 7 young (7168K), 7 survivors (7168K)
 Metaspace       used 67572K, committed 68160K, reserved 1114112K
  class space    used 10073K, committed 10368K, reserved 1048576K
}
Event: 17.831 GC heap before
{Heap before GC invocations=35 (full 0):
 garbage-first heap   total 139264K, used 117292K [0x00000000c3600000, 0x0000000100000000)
  region size 1024K, 79 young (80896K), 7 survivors (7168K)
 Metaspace       used 67580K, committed 68160K, reserved 1114112K
  class space    used 10074K, committed 10368K, reserved 1048576K
}
Event: 17.844 GC heap after
{Heap after GC invocations=36 (full 0):
 garbage-first heap   total 139264K, used 50940K [0x00000000c3600000, 0x0000000100000000)
  region size 1024K, 10 young (10240K), 10 survivors (10240K)
 Metaspace       used 67580K, committed 68160K, reserved 1114112K
  class space    used 10074K, committed 10368K, reserved 1048576K
}
Event: 18.299 GC heap before
{Heap before GC invocations=36 (full 0):
 garbage-first heap   total 139264K, used 112380K [0x00000000c3600000, 0x0000000100000000)
  region size 1024K, 70 young (71680K), 10 survivors (10240K)
 Metaspace       used 68698K, committed 69312K, reserved 1114112K
  class space    used 10217K, committed 10496K, reserved 1048576K
}
Event: 18.313 GC heap after
{Heap after GC invocations=37 (full 0):
 garbage-first heap   total 139264K, used 57247K [0x00000000c3600000, 0x0000000100000000)
  region size 1024K, 7 young (7168K), 7 survivors (7168K)
 Metaspace       used 68698K, committed 69312K, reserved 1114112K
  class space    used 10217K, committed 10496K, reserved 1048576K
}
Event: 19.226 GC heap before
{Heap before GC invocations=37 (full 0):
 garbage-first heap   total 139264K, used 110495K [0x00000000c3600000, 0x0000000100000000)
  region size 1024K, 59 young (60416K), 7 survivors (7168K)
 Metaspace       used 71872K, committed 72448K, reserved 1114112K
  class space    used 10670K, committed 10944K, reserved 1048576K
}

