# JRE version: OpenJDK Runtime Environment (17.0.19+11) (build 17.0.19+11-LTS)
# Java VM: OpenJDK 64-Bit Server VM (17.0.19+11-LTS, mixed mode, sharing, tiered, compressed oops, compressed class ptrs, g1 gc, windows-amd64)
GC Precious Log:
 CPUs: 8 total, 8 available
 Memory: 3877M
 Large Page Support: Disabled
 NUMA Support: Disabled
 Compressed Oops: Enabled (32-bit)
 Heap Region Size: 1M
 Heap Min Capacity: 8M
 Heap Initial Capacity: 62M
 Heap Max Capacity: 970M
 Pre-touch: Disabled
 Parallel Workers: 8
 Concurrent Workers: 2
 Concurrent Refinement Workers: 8
 Periodic GC: Disabled
Heap:
 garbage-first heap   total 96256K, used 44011K [0x00000000c3600000, 0x0000000100000000)
  region size 1024K, 1 young (1024K), 1 survivors (1024K)
 Metaspace       used 67328K, committed 67904K, reserved 1114112K
  class space    used 10037K, committed 10304K, reserved 1048576K
GC Heap History (20 events):
Event: 12.823 GC heap after
{Heap after GC invocations=23 (full 0):
 garbage-first heap   total 61440K, used 33731K [0x00000000c3600000, 0x0000000100000000)
  region size 1024K, 2 young (2048K), 2 survivors (2048K)
 Metaspace       used 62521K, committed 63104K, reserved 1114112K
  class space    used 9123K, committed 9408K, reserved 1048576K
}
Event: 12.929 GC heap before
{Heap before GC invocations=24 (full 0):
 garbage-first heap   total 63488K, used 50115K [0x00000000c3600000, 0x0000000100000000)
  region size 1024K, 18 young (18432K), 2 survivors (2048K)
 Metaspace       used 62603K, committed 63168K, reserved 1114112K
  class space    used 9134K, committed 9408K, reserved 1048576K
}
Event: 12.931 GC heap after
{Heap after GC invocations=25 (full 0):
 garbage-first heap   total 63488K, used 34095K [0x00000000c3600000, 0x0000000100000000)
  region size 1024K, 2 young (2048K), 2 survivors (2048K)
 Metaspace       used 62603K, committed 63168K, reserved 1114112K
  class space    used 9134K, committed 9408K, reserved 1048576K
}
Event: 13.300 GC heap before
{Heap before GC invocations=25 (full 0):
 garbage-first heap   total 63488K, used 51503K [0x00000000c3600000, 0x0000000100000000)
  region size 1024K, 19 young (19456K), 2 survivors (2048K)
 Metaspace       used 65217K, committed 65792K, reserved 1114112K
  class space    used 9650K, committed 9920K, reserved 1048576K
}
Event: 13.304 GC heap after
{Heap after GC invocations=26 (full 0):
 garbage-first heap   total 63488K, used 35451K [0x00000000c3600000, 0x0000000100000000)
  region size 1024K, 3 young (3072K), 3 survivors (3072K)
 Metaspace       used 65217K, committed 65792K, reserved 1114112K
  class space    used 9650K, committed 9920K, reserved 1048576K
}
Event: 13.531 GC heap before
{Heap before GC invocations=27 (full 0):
 garbage-first heap   total 65536K, used 50811K [0x00000000c3600000, 0x0000000100000000)
  region size 1024K, 19 young (19456K), 3 survivors (3072K)
 Metaspace       used 66955K, committed 67520K, reserved 1114112K
  class space    used 9958K, committed 10240K, reserved 1048576K
}
Event: 13.535 GC heap after
{Heap after GC invocations=28 (full 0):
 garbage-first heap   total 65536K, used 36435K [0x00000000c3600000, 0x0000000100000000)
  region size 1024K, 3 young (3072K), 3 survivors (3072K)
 Metaspace       used 66955K, committed 67520K, reserved 1114112K
  class space    used 9958K, committed 10240K, reserved 1048576K
}
Event: 13.598 GC heap before
{Heap before GC invocations=28 (full 0):
 garbage-first heap   total 65536K, used 52819K [0x00000000c3600000, 0x0000000100000000)
  region size 1024K, 19 young (19456K), 3 survivors (3072K)
 Metaspace       used 66999K, committed 67584K, reserved 1114112K
  class space    used 9958K, committed 10240K, reserved 1048576K
}
Event: 13.603 GC heap after
{Heap after GC invocations=29 (full 0):
 garbage-first heap   total 79872K, used 38696K [0x00000000c3600000, 0x0000000100000000)
  region size 1024K, 3 young (3072K), 3 survivors (3072K)
 Metaspace       used 66999K, committed 67584K, reserved 1114112K
  class space    used 9958K, committed 10240K, reserved 1048576K
}
Event: 13.714 GC heap before
{Heap before GC invocations=30 (full 0):
 garbage-first heap   total 80896K, used 64296K [0x00000000c3600000, 0x0000000100000000)
  region size 1024K, 28 young (28672K), 3 survivors (3072K)
 Metaspace       used 67052K, committed 67712K, reserved 1114112K
  class space    used 9972K, committed 10304K, reserved 1048576K
}
Event: 13.718 GC heap after
{Heap after GC invocations=31 (full 0):
 garbage-first heap   total 80896K, used 41135K [0x00000000c3600000, 0x0000000100000000)
  region size 1024K, 3 young (3072K), 3 survivors (3072K)
 Metaspace       used 67052K, committed 67712K, reserved 1114112K
  class space    used 9972K, committed 10304K, reserved 1048576K
}
Event: 13.807 GC heap before
{Heap before GC invocations=31 (full 0):
 garbage-first heap   total 80896K, used 64687K [0x00000000c3600000, 0x0000000100000000)
  region size 1024K, 26 young (26624K), 3 survivors (3072K)
 Metaspace       used 67133K, committed 67776K, reserved 1114112K
  class space    used 9997K, committed 10304K, reserved 1048576K
}
Event: 13.812 GC heap after
{Heap after GC invocations=32 (full 0):
 garbage-first heap   total 80896K, used 42760K [0x00000000c3600000, 0x0000000100000000)
  region size 1024K, 2 young (2048K), 2 survivors (2048K)
 Metaspace       used 67133K, committed 67776K, reserved 1114112K
  class space    used 9997K, committed 10304K, reserved 1048576K
}
Event: 13.920 GC heap before
{Heap before GC invocations=33 (full 0):
 garbage-first heap   total 96256K, used 65288K [0x00000000c3600000, 0x0000000100000000)
  region size 1024K, 24 young (24576K), 2 survivors (2048K)
 Metaspace       used 67140K, committed 67776K, reserved 1114112K
  class space    used 9997K, committed 10304K, reserved 1048576K
}
Event: 13.926 GC heap after
{Heap after GC invocations=34 (full 0):
 garbage-first heap   total 96256K, used 43790K [0x00000000c3600000, 0x0000000100000000)
  region size 1024K, 3 young (3072K), 3 survivors (3072K)
 Metaspace       used 67140K, committed 67776K, reserved 1114112K
  class space    used 9997K, committed 10304K, reserved 1048576K
}
Event: 14.038 GC heap before
{Heap before GC invocations=34 (full 0):
 garbage-first heap   total 96256K, used 75534K [0x00000000c3600000, 0x0000000100000000)
  region size 1024K, 34 young (34816K), 3 survivors (3072K)
 Metaspace       used 67235K, committed 67840K, reserved 1114112K
  class space    used 10026K, committed 10304K, reserved 1048576K
}
Event: 14.041 GC heap after
{Heap after GC invocations=35 (full 0):
 garbage-first heap   total 96256K, used 43600K [0x00000000c3600000, 0x0000000100000000)
  region size 1024K, 3 young (3072K), 3 survivors (3072K)
 Metaspace       used 67235K, committed 67840K, reserved 1114112K
  class space    used 10026K, committed 10304K, reserved 1048576K
}
Event: 14.130 GC heap before
{Heap before GC invocations=35 (full 0):
 garbage-first heap   total 96256K, used 76368K [0x00000000c3600000, 0x0000000100000000)
  region size 1024K, 35 young (35840K), 3 survivors (3072K)
 Metaspace       used 67235K, committed 67840K, reserved 1114112K
  class space    used 10026K, committed 10304K, reserved 1048576K
}
Event: 14.133 GC heap after
{Heap after GC invocations=36 (full 0):
 garbage-first heap   total 96256K, used 45583K [0x00000000c3600000, 0x0000000100000000)
  region size 1024K, 4 young (4096K), 4 survivors (4096K)
 Metaspace       used 67235K, committed 67840K, reserved 1114112K
  class space    used 10026K, committed 10304K, reserved 1048576K
}
Event: 14.308 GC heap before
{Heap before GC invocations=36 (full 0):
 garbage-first heap   total 96256K, used 77327K [0x00000000c3600000, 0x0000000100000000)
  region size 1024K, 35 young (35840K), 4 survivors (4096K)
 Metaspace       used 67328K, committed 67904K, reserved 1114112K
  class space    used 10037K, committed 10304K, reserved 1048576K
}

